[debug] [2024-02-28T12:13:07.402Z] ----------------------------------------------------------------------
[debug] [2024-02-28T12:13:07.403Z] Command:       C:\Program Files\nodejs\node.exe C:\Users\Balaji Kamble\AppData\Roaming\npm\node_modules\firebase-tools\lib\bin\firebase.js init
[debug] [2024-02-28T12:13:07.404Z] CLI Version:   13.4.0
[debug] [2024-02-28T12:13:07.404Z] Platform:      win32
[debug] [2024-02-28T12:13:07.404Z] Node Version:  v18.18.0
[debug] [2024-02-28T12:13:07.405Z] Time:          Wed Feb 28 2024 17:43:07 GMT+0530 (India Standard Time)
[debug] [2024-02-28T12:13:07.405Z] ----------------------------------------------------------------------
[debug] 
[debug] [2024-02-28T12:13:07.411Z] > command requires scopes: ["email","openid","https://www.googleapis.com/auth/cloudplatformprojects.readonly","https://www.googleapis.com/auth/firebase","https://www.googleapis.com/auth/cloud-platform"]
[debug] [2024-02-28T12:13:07.411Z] > authorizing via signed-in user (akashkamble965@gmail.com)
[info] 
     ######## #### ########  ######## ########     ###     ######  ########
     ##        ##  ##     ## ##       ##     ##  ##   ##  ##       ##
     ######    ##  ########  ######   ########  #########  ######  ######
     ##        ##  ##    ##  ##       ##     ## ##     ##       ## ##
     ##       #### ##     ## ######## ########  ##     ##  ######  ########

You're about to initialize a Firebase project in this directory:

  C:\Users\Balaji Kamble\Desktop\Code\React\FireBase\empolyee-app

[info] 
=== Project Setup
[info] 
[info] First, let's associate this project directory with a Firebase project.
[info] You can create multiple project aliases by running firebase use --add, 
[info] but for now we'll just set up a default project.
[info] 
[debug] [2024-02-28T12:13:33.288Z] >>> [apiv2][query] GET https://firebase.googleapis.com/v1beta1/projects pageSize=100
[debug] [2024-02-28T12:13:34.145Z] <<< [apiv2][status] GET https://firebase.googleapis.com/v1beta1/projects 200
[debug] [2024-02-28T12:13:34.146Z] <<< [apiv2][body] GET https://firebase.googleapis.com/v1beta1/projects [omitted]
[info] i  Using project dummyproject280224 (dummyProject280224) 
[info] 
=== Hosting Setup
[debug] [2024-02-28T12:13:42.278Z] >>> [apiv2][query] GET https://firebase.googleapis.com/v1beta1/projects/dummyproject280224 [none]
[debug] [2024-02-28T12:13:42.742Z] <<< [apiv2][status] GET https://firebase.googleapis.com/v1beta1/projects/dummyproject280224 200
[debug] [2024-02-28T12:13:42.742Z] <<< [apiv2][body] GET https://firebase.googleapis.com/v1beta1/projects/dummyproject280224 {"projectId":"dummyproject280224","projectNumber":"594482792397","displayName":"dummyProject280224","name":"projects/dummyproject280224","resources":{"hostingSite":"dummyproject280224","realtimeDatabaseInstance":"dummyproject280224-default-rtdb"},"state":"ACTIVE","etag":"1_49195fa8-4a0c-4892-8fa6-c7032600d37a"}
[info] 
[info] Your public directory is the folder (relative to your project directory) that
[info] will contain Hosting assets to be uploaded with firebase deploy. If you
[info] have a build process for your assets, use your build's output directory.
[info] 
